Full Match,Start Time,Account_id,Player,Fantasy Points,Kills,Deaths,Assists,Hero Damage,Hero Healing,Last Hits,Denies,GPM,XPM,Tow,Tower Damage,Ros,TF,Obs Placed,Camps Stacked,Ru,FB,Stuns,Hero,Game Length,Total Kills,FPPM,Lane,Hero Pic,LH@10,Level,Sent Placed,Obs Killed,Sent Killed,Lane Eff,Lane Role,Role
5024814442,2019-09-15,73885855,Icarus.Simbelmÿne,12.8,5,6,18,28846,947,334,21,444,591,2,3263,0,0.74,0,1,6,0,38.42021,Night Stalker,3595,83,0.2136,3,/apps/dota2/images/heroes/night_stalker_full.png?,50,25,0,1,1,0.7920772169716469,3,3
5024814442,2019-09-15,81134415,Madsen | St. Alessia,12.7,12,7,7,42148,0,568,43,658,670,1,3925,0,0.61,0,0,5,0,19.300293,Slark,3595,83,0.212,1,/apps/dota2/images/heroes/slark_full.png?,58,25,1,1,0,0.7432133521013473,1,1
5024814442,2019-09-15,241787545,Elpie,11.3,5,10,13,35903,0,541,5,557,666,0,1903,0,0.58,1,0,13,0,31.843872,Pangolier,3595,83,0.1886,2,/apps/dota2/images/heroes/pangolier_full.png?,31,25,1,1,0,0.5495676653931229,2,2
5024814442,2019-09-15,64790625,deluxaran,6.5,7,17,14,21378,0,88,7,334,403,1,137,0,0.68,3,0,4,0,0.0,Silencer,3595,83,0.1085,3,/apps/dota2/images/heroes/silencer_full.png?,4,23,7,1,2,0.3430524834104162,3,4
5024814442,2019-09-15,58547001,Dani,20.9,2,12,14,17515,6381,50,3,270,359,0,111,0,0.52,23,0,7,0,108.65369,Witch Doctor,3595,83,0.3488,1,/apps/dota2/images/heroes/witch_doctor_full.png?,6,22,35,5,7,0.2865473557208928,1,5
5024814442,2019-09-15,87664114,T-Reds,19.8,6,7,25,28050,776,238,3,408,519,2,684,0,0.6,1,0,11,1,89.84251,Sand King,3595,83,0.3305,1,/apps/dota2/images/heroes/sand_king_full.png?,8,25,5,1,1,0.4248944299215765,3,4
5024814442,2019-09-15,315792033,Tanjirou Kamado,32.7,26,2,14,51986,125,306,24,587,747,2,7126,1,0.77,1,1,22,0,170.39644,Windranger,3595,83,0.5458,2,/apps/dota2/images/heroes/windrunner_full.png?,48,25,1,0,0,0.8622561833903076,2,2
5024814442,2019-09-15,11508499,Dolemite,23.7,16,6,18,43417,3057,579,13,706,754,6,9947,0,0.65,0,1,7,0,86.34363,Wraith King,3595,83,0.3955,3,/apps/dota2/images/heroes/skeleton_king_full.png?,25,25,0,0,1,0.5582143575306656,1,1
5024814442,2019-09-15,86724549,skin gaming,9.9,3,6,30,20999,0,201,15,356,480,0,1992,0,0.63,0,1,3,0,65.38489,Centaur Warrunner,3595,83,0.1652,1,/apps/dota2/images/heroes/centaur_full.png?,24,25,0,1,1,0.3963402372813191,3,3
5024814442,2019-09-15,102193388,Basi1eus,18.1,1,10,25,12939,5146,60,1,328,481,0,72,0,0.5,24,0,3,0,54.999756,Winter Wyvern,3595,83,0.3021,3,/apps/dota2/images/heroes/winter_wyvern_full.png?,4,25,35,5,7,0.34828071586567466,1,5
5024785649,2019-09-15,127733940,zaergaegyr,20.2,9,6,18,64097,7938,510,13,758,791,5,9310,0,0.79,0,1,5,0,81.4505,Wraith King,2814,87,0.4307,1,/apps/dota2/images/heroes/skeleton_king_full.png?,42,25,0,0,0,0.6068771365373015,1,1
5024785649,2019-09-15,99623927,Thz,7.7,1,13,13,10505,0,27,6,268,297,0,413,0,0.41,8,0,4,0,28.48333,Grimstroke,2814,87,0.1642,3,/apps/dota2/images/heroes/grimstroke_full.png?,5,17,12,0,1,0.26583551176352305,3,5
5024785649,2019-09-15,142022437,Ye Old exZ,15.7,15,8,14,55446,0,227,20,556,741,3,5908,0,0.85,0,0,6,0,34.66528,Night Stalker,2814,87,0.3348,3,/apps/dota2/images/heroes/night_stalker_full.png?,46,25,0,2,0,0.6734365574100141,3,1
5024785649,2019-09-15,23765698,bernard humperdink,12.2,3,15,15,16718,0,57,3,258,431,1,1294,0,0.53,9,1,0,0,89.563446,Shadow Shaman,2814,87,0.2601,1,/apps/dota2/images/heroes/shadow_shaman_full.png?,0,21,15,0,0,0.23406394530464508,1,4
5024785649,2019-09-15,125847008,Rinkusaur,11.1,5,11,16,43008,0,314,4,547,513,2,3380,0,0.62,1,3,8,0,0.51936615,Sniper,2814,87,0.2367,2,/apps/dota2/images/heroes/sniper_full.png?,46,23,1,2,0,0.7239091091896239,2,2
5024785649,2019-09-15,108266303,Hollow,25.7,23,1,13,52844,0,336,16,632,783,3,10375,2,0.68,0,0,7,0,99.831635,Morphling,2814,87,0.548,3,/apps/dota2/images/heroes/morphling_full.png?,43,25,0,0,0,0.5465513774381661,1,1
5024785649,2019-09-15,146542636,Reddydas,14.2,4,11,33,20022,3147,98,1,305,543,0,1278,0,0.7,17,1,5,0,0.0,Undying,2814,87,0.3028,3,/apps/dota2/images/heroes/undying_full.png?,16,24,26,3,4,0.35089483209330385,1,5
5024785649,2019-09-15,129244635,Alien Assassin,19.3,14,6,16,36165,0,228,12,533,647,2,3141,0,0.57,1,0,5,0,132.69763,Pudge,2814,87,0.4115,2,/apps/dota2/images/heroes/pudge_full.png?,45,25,1,0,1,0.6382465312688518,2,2
5024785649,2019-09-15,98093334,bitch im a cow,13.7,4,10,22,13420,0,140,0,367,606,0,1180,0,0.49,1,0,9,1,62.846924,Earthshaker,2814,87,0.2921,1,/apps/dota2/images/heroes/earthshaker_full.png?,4,25,0,1,0,0.3512970038206314,3,3
5024785649,2019-09-15,106593246,Wannex,17.5,7,6,31,28989,2826,411,14,520,688,3,7830,0,0.72,0,0,10,0,84.875145,Centaur Warrunner,2814,87,0.3731,1,/apps/dota2/images/heroes/centaur_full.png?,57,25,0,1,0,0.7466318117836316,3,3
5024777310,2019-09-15,81551634,Dębowy,11.5,3,7,23,16116,9102,54,0,344,624,0,2347,0,0.55,1,0,6,0,103.68222,Treant Protector,2876,84,0.2399,3,/apps/dota2/images/heroes/treant_full.png?,4,25,3,2,1,0.35934043836718277,3,4
5024777310,2019-09-15,104856314,MattPar25,8.7,2,5,22,17094,0,319,14,535,646,1,4216,0,0.51,0,0,8,0,0.0,Slark,2876,84,0.1815,3,/apps/dota2/images/heroes/slark_full.png?,43,25,0,1,1,0.6227629197667404,3,3
5024777310,2019-09-15,174988578,Crayon,21.3,30,8,11,79311,0,304,9,689,780,1,4478,2,0.87,1,0,10,0,15.920898,Silencer,2876,84,0.4444,2,/apps/dota2/images/heroes/silencer_full.png?,38,25,1,1,1,0.8538105771164287,2,2
5024777310,2019-09-15,106024306,Viper,11.9,10,6,19,34557,49,189,15,500,725,2,1773,0,0.62,0,0,8,0,3.8725328,Night Stalker,2876,84,0.2483,1,/apps/dota2/images/heroes/night_stalker_full.png?,42,25,0,0,0,0.7158656746430726,1,3
5024777310,2019-09-15,54470156,Revenger,21.5,2,11,15,9955,0,141,3,353,456,4,9596,0,0.36,19,2,4,0,68.95007,Shadow Shaman,2876,84,0.4485,3,/apps/dota2/images/heroes/shadow_shaman_full.png?,4,22,20,2,1,0.3020309672230042,3,5
5024777310,2019-09-15,60578094,Dice,12.3,7,8,16,31684,2575,441,7,609,679,2,3324,0,0.62,0,1,2,0,43.57427,Wraith King,2876,84,0.2566,3,/apps/dota2/images/heroes/skeleton_king_full.png?,35,25,0,0,0,0.5487633219384678,1,1
5024777310,2019-09-15,355410157,HufuPtuTU,14.6,1,10,22,7356,0,59,1,305,431,0,0,0,0.62,16,0,8,0,33.45117,Winter Wyvern,2876,84,0.3046,3,/apps/dota2/images/heroes/winter_wyvern_full.png?,1,21,19,2,3,0.2756887190830485,1,5
5024777310,2019-09-15,162580030,kalimoo,14.3,8,9,13,27672,0,275,8,451,645,1,833,0,0.57,0,0,8,0,102.22754,Earthshaker,2876,84,0.2983,1,/apps/dota2/images/heroes/earthshaker_full.png?,54,25,0,0,0,0.7112406997788056,3,3
5024777310,2019-09-15,127028385,Diego,18.5,12,8,18,18151,0,102,2,346,455,0,302,0,0.81,3,1,6,1,66.93268,Mirana,2876,84,0.386,3,/apps/dota2/images/heroes/mirana_full.png?,8,22,4,1,0,0.5539915543937262,1,4
5024777310,2019-09-15,119695137,KTZ-sama(yeet),8.8,9,15,16,26584,0,291,16,516,633,0,1036,0,0.68,1,0,3,0,47.795044,Pudge,2876,84,0.1836,2,/apps/dota2/images/heroes/pudge_full.png?,48,25,0,0,0,0.7542730746028554,2,2
5024785716,2019-09-15,256478532,Melalez,9.9,1,5,8,11497,656,133,31,323,350,0,815,0,0.64,0,0,4,1,0.0,Enchantress,1833,49,0.3241,3,/apps/dota2/images/heroes/enchantress_full.png?,40,15,0,1,1,0.6330182988135934,3,3
5024785716,2019-09-15,127314098,Brainy Gonzo,9.4,1,7,3,15720,48,250,5,491,465,3,2198,0,0.29,0,1,1,0,36.9646,Wraith King,1833,49,0.3077,1,/apps/dota2/images/heroes/skeleton_king_full.png?,66,17,0,0,0,0.77418057510557,1,1
5024785716,2019-09-15,100916841,Chimp,15.5,7,7,5,11172,0,22,2,243,298,0,0,0,0.86,2,0,4,0,147.42114,Spirit Breaker,1833,49,0.5074,3,/apps/dota2/images/heroes/spirit_breaker_full.png?,2,13,2,0,1,0.37663382264226825,3,4
5024785716,2019-09-15,134146413,snooze gaming,6.8,4,6,4,15618,0,146,9,365,431,0,1494,0,0.57,1,0,3,0,5.01709,Death Prophet,1833,49,0.2226,2,/apps/dota2/images/heroes/death_prophet_full.png?,41,17,0,0,0,0.5887794088075609,2,2
5024785716,2019-09-15,44920412,Artemis,7.5,1,10,7,12175,0,29,1,178,252,0,0,0,0.57,10,0,0,0,0.0,Lich,1833,49,0.2455,1,/apps/dota2/images/heroes/lich_full.png?,8,12,13,2,4,0.30323748240498694,1,5
5024785716,2019-09-15,81581521,Tal,18.0,10,2,19,23686,0,231,7,570,607,3,4750,1,0.83,0,6,5,0,0.0,Bristleback,1833,49,0.5892,3,/apps/dota2/images/heroes/bristleback_full.png?,46,20,0,1,0,0.6344258998592399,1,1
5024785716,2019-09-15,109341234,BartyG,20.9,15,2,14,33503,250,244,8,609,814,1,890,0,0.83,1,1,13,0,85.48769,Ember Spirit,1833,49,0.6841,2,/apps/dota2/images/heroes/ember_spirit_full.png?,47,23,0,0,0,0.6766539312286346,2,2
5024785716,2019-09-15,82449931,raptured,12.6,6,2,21,15348,0,206,14,450,598,1,3143,0,0.77,0,0,5,0,45.63195,Centaur Warrunner,1833,49,0.4124,1,/apps/dota2/images/heroes/centaur_full.png?,54,20,0,0,0,0.6293987532676453,3,3
5024785716,2019-09-15,351041428,Hawk_Eye,7.6,3,4,23,10947,0,15,0,279,415,0,464,0,0.74,2,0,0,0,22.143686,Ogre Magi,1833,49,0.2488,1,/apps/dota2/images/heroes/ogre_magi_full.png?,2,16,6,1,1,0.26583551176352305,3,4
5024785716,2019-09-15,92111311,KryAzel,11.7,1,4,21,7032,24,34,1,259,577,0,0,0,0.63,10,1,2,0,21.22186,Shadow Demon,1833,49,0.383,3,/apps/dota2/images/heroes/shadow_demon_full.png?,3,20,7,2,2,0.37904685300623364,1,5
5024775477,2019-09-15,93004406,Anatideaphobia,14.9,14,5,20,46837,0,231,25,543,740,1,2852,0,0.79,1,0,2,0,59.238415,Ember Spirit,2393,73,0.3736,2,/apps/dota2/images/heroes/ember_spirit_full.png?,55,25,0,2,1,0.7800120651518199,2,2
5024775477,2019-09-15,79674084,Karma,12.0,11,6,19,23516,40,258,2,566,752,1,2593,0,0.7,0,0,7,0,13.993286,Pangolier,2393,73,0.3009,3,/apps/dota2/images/heroes/pangolier_full.png?,33,25,0,0,0,0.5489644078021315,3,3
5024775477,2019-09-15,111326429,Tsuya♪!!,8.8,4,8,24,25327,0,311,16,543,730,1,3456,0,0.65,0,1,6,0,0.0,Razor,2393,73,0.2206,1,/apps/dota2/images/heroes/razor_full.png?,53,25,0,2,1,0.6247737784033782,1,1
5024775477,2019-09-15,29055970,Laika the Astroduck,13.5,3,6,27,18680,7954,49,4,284,521,0,893,0,0.7,8,7,2,0,11.761621,Warlock,2393,73,0.3385,1,/apps/dota2/images/heroes/warlock_full.png?,4,21,11,1,1,0.2803136939473155,1,5
5024775477,2019-09-15,104880759,FAllS,22.5,10,5,17,20323,320,29,7,342,584,2,2886,0,0.63,10,0,1,1,81.26544,Lina,2393,73,0.5641,3,/apps/dota2/images/heroes/lina_full.png?,2,23,20,3,4,0.36859038809571687,3,5
5024775477,2019-09-15,83622390,Endon122,9.9,4,6,9,20057,259,339,28,573,578,1,2750,1,0.43,0,1,6,0,0.0,Bloodseeker,2393,73,0.2482,3,/apps/dota2/images/heroes/bloodseeker_full.png?,61,23,0,0,0,0.8727126483008244,1,1
5024775477,2019-09-15,384245230,RTP (SOUNDCLOUD.COM/ARRTP),10.6,2,16,11,10538,0,61,2,273,396,1,1665,0,0.43,12,0,2,0,44.589535,Shadow Shaman,2393,73,0.2658,3,/apps/dota2/images/heroes/shadow_shaman_full.png?,4,19,17,5,9,0.27046048662779004,1,5
5024775477,2019-09-15,24024934,haraway,12.0,8,8,15,20993,1710,145,4,379,556,3,3093,0,0.77,1,0,8,0,0.0,Legion Commander,2393,73,0.3009,2,/apps/dota2/images/heroes/legion_commander_full.png?,37,22,0,0,0,0.5720892821234668,2,2
5024775477,2019-09-15,143214129,ElNiño,15.1,12,7,14,27444,3665,139,7,412,541,2,2013,0,0.87,1,0,3,0,69.04073,Brewmaster,2393,73,0.3786,1,/apps/dota2/images/heroes/brewmaster_full.png?,38,22,0,0,0,0.7048059521415645,3,3
5024775477,2019-09-15,123993289,Maus,14.0,4,6,15,15439,530,87,2,297,396,0,317,0,0.63,2,1,11,0,92.753235,Mirana,2393,73,0.351,1,/apps/dota2/images/heroes/mirana_full.png?,11,19,0,0,1,0.3822642268248542,3,4
5024777163,2019-09-15,93685685,Glimmer of Hope,18.5,6,0,17,10835,6271,25,3,326,472,0,2271,0,0.57,11,1,5,1,0.0,Dazzle,1538,52,0.7217,3,/apps/dota2/images/heroes/dazzle_full.png?,7,16,11,0,0,0.4301226623768349,3,5
5024777163,2019-09-15,298165960,SinqSinq,12.1,7,4,23,10817,930,15,0,321,445,0,120,0,0.75,0,0,3,0,90.68541,Spirit Breaker,1538,52,0.472,2,/apps/dota2/images/heroes/spirit_breaker_full.png?,1,15,0,1,0,0.36497084254976875,2,4
5024777163,2019-09-15,219680153,SwagMander,9.4,7,3,13,15725,2057,131,16,497,567,1,2921,0,0.5,0,0,5,0,0.0,Bristleback,1538,52,0.3667,1,/apps/dota2/images/heroes/bristleback_full.png?,53,18,0,0,0,0.7208928212346672,1,1
5024777163,2019-09-15,121275060,OverKoalafied,12.2,6,4,25,14411,0,67,9,397,534,2,1436,0,0.78,0,0,1,0,59.641335,Slardar,1538,52,0.4759,3,/apps/dota2/images/heroes/slardar_full.png?,31,17,0,0,0,0.6171325155841544,3,3
5024777163,2019-09-15,83619495,PONPO,16.9,14,1,11,25166,0,200,10,641,655,4,11133,1,0.62,1,1,1,0,0.0,Drow Ranger,1538,52,0.6593,2,/apps/dota2/images/heroes/drow_ranger_full.png?,71,19,0,0,0,0.7138548160064347,2,2
5024777163,2019-09-15,418492000,Krota,4.7,4,10,1,8861,0,98,13,349,417,0,0,0,0.42,1,0,3,0,0.0,Legion Commander,1538,52,0.1834,1,/apps/dota2/images/heroes/legion_commander_full.png?,43,15,0,0,0,0.7778001206515182,3,3
5024777163,2019-09-15,123744121,hello icute gang,7.3,3,3,4,4670,0,147,10,436,483,0,0,0,0.58,0,0,3,0,8.502783,Faceless Void,1538,52,0.2848,3,/apps/dota2/images/heroes/faceless_void_full.png?,42,16,0,0,0,0.5141765533882968,1,1
5024777163,2019-09-15,34034828,Rinta,6.7,0,7,9,10642,580,42,1,239,341,0,169,0,0.75,1,1,3,0,24.176342,Mirana,1538,52,0.2614,1,/apps/dota2/images/heroes/mirana_full.png?,12,13,2,0,1,0.3279710436356324,3,4
5024777163,2019-09-15,46629468,Anstar🌠,10.2,3,6,6,23938,1336,144,10,421,579,1,544,0,0.75,1,1,6,0,20.224365,Viper,1538,52,0.3979,2,/apps/dota2/images/heroes/viper_full.png?,63,18,0,0,0,0.7132515584154434,2,2
5024777163,2019-09-15,73573464,Hfbvm,4.3,2,14,2,12560,0,14,3,183,212,0,0,0,0.33,6,1,0,0,0.0,Disruptor,1538,52,0.1678,3,/apps/dota2/images/heroes/disruptor_full.png?,4,10,1,0,0,0.32073195254373615,1,5
5024764066,2019-09-15,61634693,PillerKanda,15.4,6,5,21,22311,0,71,6,370,572,1,2207,0,0.64,4,0,6,0,93.39117,Lina,2131,65,0.4336,3,/apps/dota2/images/heroes/lina_full.png?,2,21,4,1,3,0.2529660164890408,3,4
5024764066,2019-09-15,287978960,forced amnesia,12.1,8,3,19,25347,4339,199,5,511,671,2,6261,0,0.64,1,0,3,0,15.05127,Timbersaw,2131,65,0.3407,2,/apps/dota2/images/heroes/shredder_full.png?,61,23,0,0,0,0.7993163080635431,2,2
5024764066,2019-09-15,15350275,ESL.Kalemelamo,15.2,10,3,20,29820,3022,272,13,636,699,2,10487,0,0.71,0,0,4,0,55.99597,Wraith King,2131,65,0.428,1,/apps/dota2/images/heroes/skeleton_king_full.png?,46,23,0,0,0,0.7092298411421677,1,1
5024764066,2019-09-15,177572049,Spicy,14.9,10,5,21,26574,0,124,12,455,642,1,1565,0,0.74,0,1,10,0,58.01635,Mars,2131,65,0.4195,3,/apps/dota2/images/heroes/mars_full.png?,43,22,0,0,0,0.6052684496279912,3,3
5024764066,2019-09-15,165068087,xXx_l3tt3r$_xXx,14.5,8,7,17,17365,0,32,1,323,485,0,103,0,0.6,11,0,5,0,38.66101,Shadow Demon,2131,65,0.4083,1,/apps/dota2/images/heroes/shadow_demon_full.png?,5,19,14,2,3,0.46551377438166097,1,5
5024764066,2019-09-15,53410282,Mode Pieliedie,9.2,0,9,11,3165,0,33,4,167,299,0,0,0,0.48,4,4,4,0,40.59424,Magnus,2131,65,0.259,3,/apps/dota2/images/heroes/magnataur_full.png?,1,15,3,0,0,0.25678664789865274,1,5
5024764066,2019-09-15,30571619,5% less mmr,9.9,2,7,6,27768,0,312,11,516,644,2,3079,1,0.35,0,0,2,0,36.484764,Troll Warlord,2131,65,0.2787,3,/apps/dota2/images/heroes/troll_warlord_full.png?,41,22,0,1,1,0.5646491051679067,1,1
5024764066,2019-09-15,173742694,Ogreboy,6.1,5,13,10,9054,61,155,10,339,329,0,37,0,0.65,0,0,1,0,43.062744,Centaur Warrunner,2131,65,0.1718,1,/apps/dota2/images/heroes/centaur_full.png?,50,16,0,1,0,0.545747033983511,3,3
5024764066,2019-09-15,97338265,midget with autism,17.6,9,5,9,29604,3900,102,2,378,636,0,248,0,0.78,8,0,4,1,19.142578,Warlock,2131,65,0.4955,1,/apps/dota2/images/heroes/warlock_full.png?,14,22,8,2,3,0.4367584958777398,3,4
5024764066,2019-09-15,173872364,Harbinger,14.4,5,8,11,31365,0,196,8,402,511,3,1723,0,0.7,1,1,3,0,81.54022,Tiny,2131,65,0.4054,2,/apps/dota2/images/heroes/tiny_full.png?,41,20,0,0,0,0.5648501910315705,2,2
5024762275,2019-09-15,315215270,PA NEED BUFF ASAP,7.3,5,10,24,20073,0,50,6,311,561,0,0,0,0.74,4,1,1,0,0.0,Lich,2209,90,0.1983,1,/apps/dota2/images/heroes/lich_full.png?,12,21,9,2,4,0.48904082043032376,1,4
5024762275,2019-09-15,192331369,ReggieLA,11.0,5,11,14,10331,0,36,2,256,354,0,0,0,0.49,8,0,2,0,63.640896,Mirana,2209,90,0.2988,3,/apps/dota2/images/heroes/mirana_full.png?,5,17,8,2,1,0.3281721294992962,3,5
5024762275,2019-09-15,82736078,not what it seems,10.6,9,16,16,21639,0,148,23,400,480,1,424,0,0.64,0,0,6,1,0.0,Bristleback,2209,90,0.2879,1,/apps/dota2/images/heroes/bristleback_full.png?,47,20,0,0,3,0.9865272471345264,1,3
5024762275,2019-09-15,27997450,Mikel,14.2,14,7,8,47800,0,333,23,667,807,2,1192,0,0.56,1,4,2,0,0.30044922,Sniper,2209,90,0.3857,2,/apps/dota2/images/heroes/sniper_full.png?,74,25,0,0,0,0.9833098733159059,2,2
5024762275,2019-09-15,237308961,ry0ka,10.7,4,7,20,12414,0,159,8,398,694,1,660,0,0.62,0,0,5,0,63.50319,Centaur Warrunner,2209,90,0.2906,3,/apps/dota2/images/heroes/centaur_full.png?,30,24,0,0,0,0.513975467524633,3,3
5024762275,2019-09-15,26773166,Neox,13.1,8,14,31,29749,0,136,3,470,613,2,1730,0,0.76,0,0,6,0,96.11906,Sand King,2209,90,0.3558,1,/apps/dota2/images/heroes/sand_king_full.png?,14,22,1,0,1,0.4494269052885582,3,3
5024762275,2019-09-15,84712191,Regurgitard,13.3,8,9,35,20951,659,73,0,435,578,0,2091,0,0.84,4,0,9,0,54.327152,Grimstroke,2209,90,0.3612,1,/apps/dota2/images/heroes/grimstroke_full.png?,10,22,1,0,0,0.6748441584556606,3,4
5024762275,2019-09-15,90849929,Ｆｏｘ (ง︡'-'︠)ง 사랑,15.4,15,4,22,40497,0,179,7,556,813,1,4841,0,0.73,1,5,5,0,0.0,Viper,2209,90,0.4183,2,/apps/dota2/images/heroes/viper_full.png?,63,25,0,1,3,0.7186808767343655,2,2
5024762275,2019-09-15,76964834,Singlet Oxygen,15.2,3,7,32,14119,7050,39,2,326,562,1,6457,1,0.69,12,2,3,0,15.266968,Warlock,2209,90,0.4129,3,/apps/dota2/images/heroes/warlock_full.png?,6,21,26,2,2,0.2855419264025739,1,5
5024762275,2019-09-15,323934092,hybr1d-,10.2,15,5,13,23692,5789,191,16,554,798,0,4286,0,0.55,0,0,1,0,11.985645,Necrophos,2209,90,0.277,3,/apps/dota2/images/heroes/necrolyte_full.png?,39,25,0,1,0,0.623165091494068,1,1
5024759500,2019-09-15,357957317,ezclap,15.4,8,5,17,8100,0,21,5,324,346,1,2358,0,0.6,14,1,2,0,0.0,Silencer,2064,57,0.4477,1,/apps/dota2/images/heroes/silencer_full.png?,9,16,10,2,2,0.27749849185602254,1,5
5024759500,2019-09-15,93859642,Wooloo,14.1,6,2,16,19148,0,243,6,691,594,3,10576,1,0.52,0,1,5,0,9.0477295,Ogre Magi,2064,57,0.4099,1,/apps/dota2/images/heroes/ogre_magi_full.png?,56,21,0,0,0,0.6937462296400563,1,1
5024759500,2019-09-15,86841006,Davjo,10.5,6,4,21,17839,2553,170,11,478,520,0,3647,0,0.64,0,0,5,0,43.76442,Mars,2064,57,0.3052,3,/apps/dota2/images/heroes/mars_full.png?,44,20,0,1,1,0.6957570882766941,3,3
5024759500,2019-09-15,80995563,Crispy Bacon-,15.8,12,4,22,17737,0,160,9,520,588,2,8445,0,0.81,2,0,5,0,42.710938,Pudge,2064,57,0.4593,2,/apps/dota2/images/heroes/pudge_full.png?,49,21,0,0,2,0.8049467122461291,2,2
5024759500,2019-09-15,63351306,momo,16.9,10,2,26,16389,1712,36,5,416,601,1,1577,0,0.86,0,0,6,1,29.930542,Tusk,2064,57,0.4913,3,/apps/dota2/images/heroes/tusk_full.png?,1,21,0,0,0,0.37442187814196665,3,4
5024759500,2019-09-15,208711584,Deadwatch,8.4,0,14,6,11266,0,10,2,191,235,0,0,0,0.4,13,0,1,0,24.625122,Crystal Maiden,2064,57,0.2442,3,/apps/dota2/images/heroes/crystal_maiden_full.png?,2,13,10,1,0,0.2529660164890408,1,5
5024759500,2019-09-15,261017452,im woman dont judge me,10.7,4,6,5,11327,0,290,16,530,609,3,2391,0,0.6,0,0,6,0,0.0,Phantom Assassin,2064,57,0.311,3,/apps/dota2/images/heroes/phantom_assassin_full.png?,43,22,0,0,0,0.6137140559018701,1,1
5024759500,2019-09-15,106984632,Roran,12.9,7,7,8,18741,0,167,7,421,432,0,0,0,1.0,1,0,1,0,95.306496,Earthshaker,2064,57,0.375,1,/apps/dota2/images/heroes/earthshaker_full.png?,57,18,2,1,0,0.7570882766941484,3,3
5024759500,2019-09-15,58283015,Kimer,7.7,3,7,9,20882,789,76,2,313,392,0,214,0,0.8,0,2,4,0,12.067017,Phoenix,2064,57,0.2238,1,/apps/dota2/images/heroes/phoenix_full.png?,4,17,8,1,1,0.3814598833701991,3,4
5024759500,2019-09-15,182176489,zorenb,7.8,1,8,6,16139,0,128,5,334,397,0,334,0,0.47,1,0,6,0,47.635715,Windranger,2064,57,0.2267,2,/apps/dota2/images/heroes/windrunner_full.png?,34,17,0,0,1,0.5071385481600643,2,2
5024694511,2019-09-15,73885855,Icarus.Simbelmÿne,17.8,15,10,22,54899,0,623,9,685,614,4,9164,0,0.77,0,1,13,0,0.0,Nature's Prophet,4779,110,0.2235,3,/apps/dota2/images/heroes/furion_full.png?,40,25,0,0,0,0.6489040820430324,3,1
5024694511,2019-09-15,81134415,Madsen | St. Alessia,14.7,14,12,19,37533,0,551,12,613,582,2,6061,1,0.69,0,0,10,0,13.083984,Bristleback,4779,110,0.1846,1,/apps/dota2/images/heroes/bristleback_full.png?,63,25,1,0,1,0.7973054494269053,1,3
5024694511,2019-09-15,58547001,Dani,29.0,3,15,29,22762,0,194,1,463,431,0,43,0,0.67,34,4,15,0,65.88074,Grimstroke,4779,110,0.3641,1,/apps/dota2/images/heroes/grimstroke_full.png?,6,25,50,12,8,0.2793082646289966,1,5
5024694511,2019-09-15,64790625,deluxaran,12.0,4,15,24,17853,3701,198,4,347,422,0,649,0,0.58,2,1,5,0,130.97858,Spirit Breaker,4779,110,0.1507,3,/apps/dota2/images/heroes/spirit_breaker_full.png?,2,25,6,3,2,0.3086668007239091,3,4
5024694511,2019-09-15,241787545,Elpie,21.6,11,10,20,57855,0,652,3,600,651,2,3434,0,0.65,0,3,28,0,53.78008,Kunkka,4779,110,0.2712,2,/apps/dota2/images/heroes/kunkka_full.png?,67,25,1,1,0,0.7627186808767343,2,2
5024694511,2019-09-15,87664114,T-Reds,19.2,4,15,40,25417,0,200,1,331,472,0,2242,0,0.71,3,1,10,1,151.39894,Earthshaker,4779,110,0.2411,1,/apps/dota2/images/heroes/earthshaker_full.png?,0,25,3,3,2,0.3774381660969234,3,4
5024694511,2019-09-15,102193388,Basi1eus,27.1,4,13,31,14584,0,106,0,264,508,1,1500,0,0.56,30,2,4,0,124.62289,Shadow Shaman,4779,110,0.3402,3,/apps/dota2/images/heroes/shadow_shaman_full.png?,7,25,51,10,11,0.3748240498692942,1,5
5024694511,2019-09-15,11508499,Dolemite,23.2,19,6,27,59741,3560,823,39,700,718,4,7713,2,0.74,0,0,9,0,36.87057,Juggernaut,4779,110,0.2913,3,/apps/dota2/images/heroes/juggernaut_full.png?,35,25,0,1,1,0.7301427709632012,1,1
5024694511,2019-09-15,86724549,skin gaming,16.4,16,6,29,51575,3511,262,19,439,651,3,3864,0,0.73,0,3,8,0,0.0,Enchantress,4779,110,0.2059,1,/apps/dota2/images/heroes/enchantress_full.png?,24,25,0,1,0,0.4653126885179972,3,4
5024694511,2019-09-15,315792033,Tanjirou Kamado,24.9,19,8,32,59104,125,665,29,864,694,2,2414,1,0.82,2,0,9,0,122.38073,Puck,4779,110,0.3126,2,/apps/dota2/images/heroes/puck_full.png?,58,25,2,1,1,0.7456263824653127,2,2
5024699922,2019-09-15,108266303,Hollow,17.6,13,4,9,26427,0,288,30,550,716,2,2738,1,0.55,0,0,4,1,4.515381,Slark,2628,73,0.4018,1,/apps/dota2/images/heroes/slark_full.png?,50,25,0,0,0,0.7902674441986728,1,1
5024699922,2019-09-15,129244635,Alien Assassin,14.2,6,3,11,28513,0,288,25,514,656,1,3270,0,0.42,2,1,5,0,66.21537,Windranger,2628,73,0.3242,2,/apps/dota2/images/heroes/windrunner_full.png?,46,25,2,1,0,0.5940076412628192,2,2
5024699922,2019-09-15,106593246,Wannex,12.5,12,7,8,24542,0,225,7,459,482,1,6168,0,0.5,0,1,3,0,52.684208,Chaos Knight,2628,73,0.2854,3,/apps/dota2/images/heroes/chaos_knight_full.png?,48,22,0,0,0,0.7003820631409612,3,3
5024699922,2019-09-15,146542636,Reddydas,12.5,4,12,13,12598,3961,36,3,240,403,0,539,0,0.42,17,0,6,0,0.0,Abaddon,2628,73,0.2854,1,/apps/dota2/images/heroes/abaddon_full.png?,4,20,30,4,6,0.32656344258998593,1,5
5024699922,2019-09-15,98093334,bitch im a cow,13.4,5,7,15,24062,650,142,4,383,549,2,2630,0,0.5,1,0,9,0,71.909035,Tiny,2628,73,0.3059,3,/apps/dota2/images/heroes/tiny_full.png?,2,23,0,1,0,0.30685702795093506,3,4
5024699922,2019-09-15,127733940,zaergaegyr,18.6,16,3,8,51315,2191,360,14,706,720,3,7434,1,0.73,0,0,9,0,15.320557,Lifestealer,2628,73,0.4247,3,/apps/dota2/images/heroes/life_stealer_full.png?,41,25,0,2,1,0.646491051679067,1,1
5024699922,2019-09-15,23765698,bernard humperdink,11.3,3,13,12,12014,1169,76,0,285,326,0,878,0,0.45,8,1,4,0,72.477905,Jakiro,2628,73,0.258,3,/apps/dota2/images/heroes/jakiro_full.png?,4,17,17,3,2,0.42992157651317114,1,5
5024699922,2019-09-15,142022437,Ye Old exZ,13.8,9,7,17,31011,3479,162,8,481,661,1,3495,0,0.79,0,0,4,0,86.411255,Brewmaster,2628,73,0.3151,1,/apps/dota2/images/heroes/brewmaster_full.png?,33,25,0,0,1,0.5304645083450633,3,3
5024699922,2019-09-15,99623927,Thz,15.0,1,10,15,5163,300,14,2,245,485,1,94,0,0.48,9,9,5,0,29.560425,Magnus,2628,73,0.3425,1,/apps/dota2/images/heroes/magnataur_full.png?,4,22,14,1,2,0.33279710436356325,3,5
5024699922,2019-09-15,125847008,Rinkusaur,15.9,3,7,19,29235,0,275,8,485,670,1,4119,0,0.67,1,5,9,0,81.315605,Kunkka,2628,73,0.363,2,/apps/dota2/images/heroes/kunkka_full.png?,74,25,1,0,2,0.7918761311079832,2,2
5024705514,2019-09-15,351041428,Hawk_Eye,5.4,5,9,21,16467,400,25,4,304,437,0,2416,0,0.65,1,0,2,0,0.0,Lich,2176,70,0.1489,3,/apps/dota2/images/heroes/lich_full.png?,5,19,11,1,2,0.3114820028152021,3,4
5024705514,2019-09-15,109341234,BartyG,17.6,15,5,18,41859,125,250,6,633,785,1,3041,0,0.82,3,6,5,0,6.98055,Pangolier,2176,70,0.4853,2,/apps/dota2/images/heroes/pangolier_full.png?,61,25,0,0,0,0.6547355720892821,2,2
5024705514,2019-09-15,81581521,Tal,19.1,12,5,25,28988,5051,257,2,652,712,5,12712,1,0.93,0,1,2,0,42.364647,Wraith King,2176,70,0.5267,1,/apps/dota2/images/heroes/skeleton_king_full.png?,45,24,0,1,0,0.594208727126483,1,1
5024705514,2019-09-15,82449931,raptured,12.6,4,6,22,17437,0,96,9,370,548,2,3876,0,0.65,0,0,7,0,69.10475,Slardar,2176,70,0.3474,3,/apps/dota2/images/heroes/slardar_full.png?,36,21,0,0,1,0.5485622360748039,3,3
5024705514,2019-09-15,92111311,KryAzel,12.5,4,5,24,14207,0,10,1,322,396,0,736,0,0.7,11,1,2,0,11.375952,Ancient Apparition,2176,70,0.3447,1,/apps/dota2/images/heroes/ancient_apparition_full.png?,1,18,9,1,2,0.3635632415041223,1,5
5024705514,2019-09-15,100916841,Chimp,14.8,6,8,14,14278,468,55,1,234,383,0,0,0,0.67,3,2,4,0,125.595474,Spirit Breaker,2176,70,0.4081,1,/apps/dota2/images/heroes/spirit_breaker_full.png?,6,17,0,0,0,0.41202493464709433,3,4
5024705514,2019-09-15,134146413,snooze gaming,19.3,12,5,7,30675,0,265,21,506,559,1,330,0,0.63,1,0,9,1,54.36047,Windranger,2176,70,0.5322,2,/apps/dota2/images/heroes/windrunner_full.png?,55,21,0,1,1,0.8513975467524633,2,2
5024705514,2019-09-15,127314098,Brainy Gonzo,9.4,3,8,6,11447,0,212,12,423,448,1,941,0,0.3,0,1,8,0,39.50655,Chaos Knight,2176,70,0.2592,3,/apps/dota2/images/heroes/chaos_knight_full.png?,41,19,0,1,0,0.6595616328172129,1,1
5024705514,2019-09-15,256478532,Melalez,4.0,3,9,9,9147,1696,173,30,389,426,0,236,0,0.4,0,0,1,0,0.0,Omniknight,2176,70,0.1103,1,/apps/dota2/images/heroes/omniknight_full.png?,51,18,0,0,0,0.6754474160466519,3,3
5024705514,2019-09-15,44920412,Artemis,12.1,5,10,15,18872,110,81,0,238,324,0,306,0,0.67,11,0,2,0,36.794678,Jakiro,2176,70,0.3336,3,/apps/dota2/images/heroes/jakiro_full.png?,9,16,12,0,0,0.4546551377438166,1,5
5024697753,2019-09-15,121275060,OverKoalafied,8.6,4,11,14,23597,1892,162,3,371,515,0,250,0,0.69,0,1,4,0,56.8904,Sand King,2523,75,0.2045,3,/apps/dota2/images/heroes/sand_king_full.png?,36,22,3,3,3,0.49125276493062536,3,3
5024697753,2019-09-15,93685685,Glimmer of Hope,12.5,1,14,12,11774,120,15,0,244,316,0,477,0,0.5,16,1,1,0,51.54024,Ogre Magi,2523,75,0.2973,1,/apps/dota2/images/heroes/ogre_magi_full.png?,2,17,25,4,1,0.3052483410416248,1,5
5024697753,2019-09-15,219680153,SwagMander,14.0,10,7,10,19350,0,240,29,500,583,1,1972,0,0.77,0,0,4,1,0.0,Slark,2523,75,0.3329,1,/apps/dota2/images/heroes/slark_full.png?,59,23,0,0,1,0.9185602252161673,1,1
5024697753,2019-09-15,298165960,SinqSinq,9.0,3,12,15,19820,0,75,1,265,420,2,533,0,0.69,0,0,4,0,57.046974,Jakiro,2523,75,0.214,3,/apps/dota2/images/heroes/jakiro_full.png?,3,20,3,0,1,0.28312889603860847,3,4
5024697753,2019-09-15,83619495,PONPO,13.3,8,5,9,21673,5,190,17,401,567,0,768,0,0.65,1,0,6,0,81.307076,Ember Spirit,2523,75,0.3163,2,/apps/dota2/images/heroes/ember_spirit_full.png?,47,23,0,0,0,0.6776593605469535,2,2
5024697753,2019-09-15,123744121,hello icute gang,17.5,12,2,20,38660,1838,263,33,601,707,6,9939,0,0.65,0,0,4,0,9.992462,Bloodseeker,2523,75,0.4162,3,/apps/dota2/images/heroes/bloodseeker_full.png?,49,25,0,0,2,0.9147395938065555,1,1
5024697753,2019-09-15,46629468,Anstar🌠,21.9,15,5,10,39521,0,401,15,676,725,3,6110,0,0.51,1,2,8,0,105.111755,Outworld Devourer,2523,75,0.5208,2,/apps/dota2/images/heroes/obsidian_destroyer_full.png?,66,25,0,0,0,0.7619143374220793,2,2
5024697753,2019-09-15,418492000,Krota,9.8,5,7,30,14036,0,119,16,383,652,0,2892,0,0.71,0,1,2,0,62.725456,Slardar,2523,75,0.2331,1,/apps/dota2/images/heroes/slardar_full.png?,24,24,0,0,1,0.44098129901467925,3,3
5024697753,2019-09-15,34034828,Rinta,19.8,10,5,27,16538,810,62,2,353,524,0,1409,1,0.76,5,1,16,0,83.13679,Mirana,2523,75,0.4709,1,/apps/dota2/images/heroes/mirana_full.png?,8,22,2,2,0,0.5244319324351499,3,4
5024697753,2019-09-15,73573464,Hfbvm,12.8,7,7,23,14952,0,60,7,373,580,0,89,0,0.61,11,0,4,0,10.703106,Silencer,2523,75,0.3044,3,/apps/dota2/images/heroes/silencer_full.png?,6,23,14,1,4,0.36275889804946715,1,5
5024692504,2019-09-15,127028385,Diego,14.7,7,5,23,17681,0,112,5,387,464,2,6298,0,0.65,3,0,10,0,41.103394,Leshrac,2655,80,0.3322,3,/apps/dota2/images/heroes/leshrac_full.png?,5,21,4,1,1,0.44721496078825657,3,4
5024692504,2019-09-15,60578094,Dice,15.2,8,4,13,24675,2762,429,4,706,662,2,5228,1,0.46,0,1,6,0,38.977318,Wraith King,2655,80,0.3435,1,/apps/dota2/images/heroes/skeleton_king_full.png?,46,25,0,0,0,0.6249748642670421,1,1
5024692504,2019-09-15,119695137,KTZ-sama(yeet),19.2,16,4,15,44712,0,259,7,587,684,0,2323,2,0.67,1,1,11,0,56.469524,Windranger,2655,80,0.4339,2,/apps/dota2/images/heroes/windrunner_full.png?,44,25,0,0,0,0.7544741604665192,2,2
5024692504,2019-09-15,355410157,HufuPtuTU,13.8,4,11,25,14196,0,31,5,347,539,0,531,0,0.63,14,0,2,0,54.465576,Crystal Maiden,2655,80,0.3119,1,/apps/dota2/images/heroes/crystal_maiden_full.png?,2,23,21,1,5,0.44781821837924796,1,5
5024692504,2019-09-15,162580030,kalimoo,14.6,10,10,13,17776,0,226,12,532,545,4,5728,0,0.5,0,0,7,0,50.976994,Chaos Knight,2655,80,0.3299,3,/apps/dota2/images/heroes/chaos_knight_full.png?,45,23,0,0,0,0.7759903478785442,3,3
5024692504,2019-09-15,81551634,Dębowy,11.3,6,7,17,26626,0,153,1,429,615,0,286,0,0.68,4,0,5,0,40.229023,Grimstroke,2655,80,0.2554,1,/apps/dota2/images/heroes/grimstroke_full.png?,9,24,5,0,1,0.37663382264226825,3,4
5024692504,2019-09-15,104856314,MattPar25,11.1,7,5,11,22072,0,272,8,511,682,2,2103,0,0.53,0,0,4,0,21.752468,Faceless Void,2655,80,0.2508,3,/apps/dota2/images/heroes/faceless_void_full.png?,36,25,0,1,0,0.5507741805751055,1,1
5024692504,2019-09-15,54470156,Revenger,9.0,1,17,11,13954,0,85,1,372,419,0,806,0,0.35,13,0,0,0,44.061035,Ogre Magi,2655,80,0.2034,3,/apps/dota2/images/heroes/ogre_magi_full.png?,7,20,25,1,5,0.4162477377840338,1,5
5024692504,2019-09-15,106024306,Viper,13.5,5,11,17,19570,0,215,6,375,538,0,889,0,0.65,0,0,7,1,62.881943,Mars,2655,80,0.3051,1,/apps/dota2/images/heroes/mars_full.png?,36,23,0,2,2,0.6233661773577317,3,3
5024692504,2019-09-15,174988578,Crayon,16.7,15,6,8,50928,0,461,15,655,734,0,643,0,0.68,1,0,6,0,85.13912,Ember Spirit,2655,80,0.3774,2,/apps/dota2/images/heroes/ember_spirit_full.png?,56,25,1,2,2,0.7001809772772974,2,2
5024687486,2019-09-15,24024934,haraway,7.9,7,16,32,22989,0,182,2,397,594,1,1525,0,0.75,1,0,6,0,20.929726,Night Stalker,2791,95,0.1698,2,/apps/dota2/images/heroes/night_stalker_full.png?,29,24,1,2,0,0.5769153428513976,2,2
5024687486,2019-09-15,177433126,Diddi_2.0,17.0,6,8,25,17068,0,31,1,335,466,0,0,0,0.6,14,0,6,0,70.43449,Crystal Maiden,2791,95,0.3655,1,/apps/dota2/images/heroes/crystal_maiden_full.png?,7,22,29,5,13,0.4005630404182586,1,5
5024687486,2019-09-15,83622390,Endon122,19.3,15,3,20,34122,2689,396,23,713,750,6,6961,0,0.67,0,1,4,0,10.618858,Lifestealer,2791,95,0.4149,1,/apps/dota2/images/heroes/life_stealer_full.png?,54,25,0,1,0,0.7637241101950533,1,1
5024687486,2019-09-15,143214129,ElNiño,16.0,21,5,21,58424,389,314,6,630,744,1,1539,0,0.81,0,0,4,0,30.7556,Pangolier,2791,95,0.344,3,/apps/dota2/images/heroes/pangolier_full.png?,49,25,0,0,1,0.6919364568670823,3,1
5024687486,2019-09-15,123993289,Maus,13.2,3,11,23,14310,4974,46,3,306,469,0,566,0,0.5,5,1,4,1,47.38359,Winter Wyvern,2791,95,0.2838,3,/apps/dota2/images/heroes/winter_wyvern_full.png?,3,22,4,2,0,0.3762316509149407,3,4
5024687486,2019-09-15,93004406,Anatideaphobia,19.9,19,7,14,55443,0,337,40,618,722,2,5804,1,0.77,1,0,8,0,61.561745,Monkey King,2791,95,0.4278,2,/apps/dota2/images/heroes/monkey_king_full.png?,61,25,0,1,0,1.0030162879549567,2,2
5024687486,2019-09-15,111326429,Tsuya♪!!,12.9,10,7,7,37933,0,376,19,609,695,0,2158,0,0.4,0,0,15,0,32.732643,Faceless Void,2791,95,0.2773,3,/apps/dota2/images/heroes/faceless_void_full.png?,53,25,0,0,0,0.7130504725517796,1,1
5024687486,2019-09-15,79674084,Karma,9.7,6,7,20,23280,0,178,0,382,575,1,628,0,0.6,0,0,2,0,48.948788,Sand King,2791,95,0.2085,1,/apps/dota2/images/heroes/sand_king_full.png?,38,24,0,0,1,0.6038608485823447,3,3
5024687486,2019-09-15,104880759,FAllS,10.0,6,14,23,18989,0,49,0,323,622,0,942,0,0.67,6,0,3,0,56.469604,Jakiro,2791,95,0.215,1,/apps/dota2/images/heroes/jakiro_full.png?,4,25,19,3,5,0.3523024331389503,3,4
5024687486,2019-09-15,29055970,Laika the Astroduck,11.9,2,17,17,8818,2421,29,4,245,341,0,353,0,0.44,15,0,8,0,39.819946,Witch Doctor,2791,95,0.2558,3,/apps/dota2/images/heroes/witch_doctor_full.png?,3,19,16,3,7,0.2871506133118842,1,5
5024682764,2019-09-15,261017452,im woman dont judge me,13.2,13,2,10,23674,0,300,12,612,770,2,5017,0,0.66,0,0,3,0,0.0,Phantom Lancer,2225,55,0.356,1,/apps/dota2/images/heroes/phantom_lancer_full.png?,40,25,0,0,1,0.575507741805751,1,1
5024682764,2019-09-15,208711584,Deadwatch,12.5,2,11,17,9418,1017,19,3,248,327,0,477,0,0.54,14,0,4,0,40.09314,Witch Doctor,2225,55,0.3371,1,/apps/dota2/images/heroes/witch_doctor_full.png?,0,16,20,2,5,0.2419062939875327,1,5
5024682764,2019-09-15,106984632,Roran,14.2,9,4,21,35824,0,286,12,591,764,0,2335,0,0.86,1,0,1,1,6.7042236,Pangolier,2225,55,0.3829,3,/apps/dota2/images/heroes/pangolier_full.png?,49,25,0,0,0,0.760305650512769,3,1
5024682764,2019-09-15,58283015,Kimer,16.6,6,3,23,23731,0,93,3,364,545,3,4903,1,0.83,0,1,7,0,59.557693,Lina,2225,55,0.4476,3,/apps/dota2/images/heroes/lina_full.png?,11,21,0,2,1,0.3167102352704605,3,4
5024682764,2019-09-15,182176489,zorenb,12.9,5,1,18,28931,4992,230,5,455,635,1,2490,0,0.66,1,1,7,0,27.651001,Viper,2225,55,0.3479,2,/apps/dota2/images/heroes/viper_full.png?,69,23,0,0,0,0.7470339835109592,2,2
5024682764,2019-09-15,80995563,Crispy Bacon-,12.1,6,6,4,30290,0,241,13,446,474,1,1031,0,0.5,1,0,4,0,68.15401,Kunkka,2225,55,0.3263,2,/apps/dota2/images/heroes/kunkka_full.png?,63,20,0,0,0,0.760305650512769,2,2
5024682764,2019-09-15,93859642,Wooloo,10.7,3,5,5,17636,1322,334,13,519,564,1,3063,0,0.4,0,1,8,0,30.634521,Wraith King,2225,55,0.2885,3,/apps/dota2/images/heroes/skeleton_king_full.png?,47,22,0,0,0,0.5879750653529057,1,1
5024682764,2019-09-15,357957317,ezclap,9.9,0,11,3,2629,0,20,6,194,177,0,0,0,0.15,12,2,5,0,20.582764,Ogre Magi,2225,55,0.267,3,/apps/dota2/images/heroes/ogre_magi_full.png?,4,11,10,3,1,0.3313895033179168,1,5
5024682764,2019-09-15,63351306,momo,14.3,6,5,6,7607,3479,33,7,229,356,0,148,0,0.6,1,0,5,0,136.96295,Treant Protector,2225,55,0.3856,1,/apps/dota2/images/heroes/treant_full.png?,4,17,1,0,1,0.4395736979690328,3,4
5024682764,2019-09-15,86841006,Davjo,5.6,4,8,7,17192,2078,138,8,320,315,0,717,0,0.55,0,0,0,0,22.100098,Phoenix,2225,55,0.151,1,/apps/dota2/images/heroes/phoenix_full.png?,31,16,0,0,0,0.5393122863462698,3,3
5024692947,2019-09-15,26773166,Neox,12.1,6,7,16,24535,690,187,4,540,505,2,3641,0,0.73,0,0,4,0,51.901875,Kunkka,1753,45,0.4141,1,/apps/dota2/images/heroes/kunkka_full.png?,46,18,0,2,2,0.743414437965011,1,1
5024692947,2019-09-15,84712191,Regurgitard,18.5,5,2,19,20153,125,76,2,383,430,1,1536,0,0.8,4,2,1,1,58.90528,Mirana,1753,45,0.6332,1,/apps/dota2/images/heroes/mirana_full.png?,14,16,2,0,0,0.541926402573899,1,4
5024692947,2019-09-15,90849929,Ｆｏｘ (ง︡'-'︠)ง 사랑,16.6,12,1,9,23804,2932,118,9,527,609,2,10155,1,0.7,2,1,9,0,0.0,Pugna,1753,45,0.5682,2,/apps/dota2/images/heroes/pugna_full.png?,40,20,0,0,0,0.7035994369595817,2,2
5024692947,2019-09-15,323934092,hybr1d-,14.1,6,0,7,11015,0,269,13,646,722,3,8845,0,0.43,0,1,7,0,12.633447,Anti-Mage,1753,45,0.4826,3,/apps/dota2/images/heroes/antimage_full.png?,37,22,0,0,0,0.6478986527247135,3,1
5024692947,2019-09-15,76964834,Singlet Oxygen,10.9,1,5,13,5487,1095,13,3,259,342,0,921,0,0.47,7,3,2,0,33.202026,Shadow Demon,1753,45,0.3731,3,/apps/dota2/images/heroes/shadow_demon_full.png?,4,14,18,0,0,0.3746229640056304,3,5
5024692947,2019-09-15,192331369,ReggieLA,6.4,1,9,11,15076,0,25,5,216,295,0,0,0,0.8,5,0,0,0,6.807322,Zeus,1753,45,0.2191,1,/apps/dota2/images/heroes/zuus_full.png?,3,13,2,3,2,0.2374824049869294,3,4
5024692947,2019-09-15,315215270,PA NEED BUFF ASAP,10.4,3,9,5,4206,0,13,5,178,211,0,0,0,0.53,5,0,2,0,83.4374,Lion,1753,45,0.356,3,/apps/dota2/images/heroes/lion_full.png?,1,11,9,0,2,0.22018902071184396,1,5
5024692947,2019-09-15,237308961,ry0ka,4.1,0,11,9,4303,0,97,6,291,364,0,30,0,0.6,0,0,1,0,29.52649,Pudge,1753,45,0.1403,1,/apps/dota2/images/heroes/pudge_full.png?,36,15,0,0,0,0.5013070581138146,3,3
5024692947,2019-09-15,27997450,Mikel,9.2,2,1,4,7069,0,224,24,475,519,1,218,0,0.4,0,1,4,0,10.913821,Faceless Void,1753,45,0.3149,3,/apps/dota2/images/heroes/faceless_void_full.png?,49,18,0,0,0,0.5855620349889403,1,1
5024692947,2019-09-15,82736078,not what it seems,13.0,7,4,6,15474,0,106,12,381,468,0,789,0,0.87,1,0,7,0,61.92735,Tiny,1753,45,0.445,2,/apps/dota2/images/heroes/tiny_full.png?,38,17,0,0,1,0.5467524633018299,2,2
5024692999,2019-09-15,61634693,PillerKanda,7.0,0,0,8,5917,1954,118,9,439,501,1,2199,0,0.44,0,0,1,0,4.180908,Omniknight,1723,33,0.2438,3,/apps/dota2/images/heroes/omniknight_full.png?,38,18,0,0,0,0.5348883973456666,3,3
5024692999,2019-09-15,287978960,forced amnesia,17.5,7,2,9,34185,0,281,6,1025,703,3,17898,0,0.89,0,3,5,0,32.950645,Alchemist,1723,33,0.6094,2,/apps/dota2/images/heroes/alchemist_full.png?,67,21,2,0,1,0.9967826261813795,2,2
5024692999,2019-09-15,15350275,ESL.Kalemelamo,13.1,4,4,10,16038,8831,165,8,507,468,1,2977,0,0.78,0,0,5,1,0.0,Juggernaut,1723,33,0.4562,1,/apps/dota2/images/heroes/juggernaut_full.png?,50,17,0,0,0,0.7054092097325558,1,1
5024692999,2019-09-15,177572049,Spicy,11.9,4,5,9,12924,400,51,8,358,432,2,3293,0,0.72,1,1,4,0,43.14051,Lina,1723,33,0.4144,3,/apps/dota2/images/heroes/lina_full.png?,3,16,0,0,0,0.25558013271667,3,4
5024692999,2019-09-15,165068087,xXx_l3tt3r$_xXx,12.7,2,4,9,5011,0,6,0,274,354,1,681,0,0.61,11,1,0,0,17.991089,Ogre Magi,1723,33,0.4423,1,/apps/dota2/images/heroes/ogre_magi_full.png?,3,14,10,2,0,0.2648300824452041,1,5
5024692999,2019-09-15,53410282,Mode Pieliedie,8.0,0,5,7,3888,0,24,7,188,301,1,183,0,0.47,3,0,3,0,27.533936,Magnus,1723,33,0.2786,1,/apps/dota2/images/heroes/magnataur_full.png?,0,13,3,1,0,0.24452041021516188,3,4
5024692999,2019-09-15,30571619,5% less mmr,10.6,6,3,4,12605,0,294,4,579,542,0,1237,0,0.67,0,0,4,0,32.679096,Naga Siren,1723,33,0.3691,1,/apps/dota2/images/heroes/naga_siren_full.png?,75,18,0,0,1,0.8433541122059119,3,1
5024692999,2019-09-15,97338265,midget with autism,10.4,1,4,10,12777,3590,20,4,178,210,0,647,0,0.73,8,1,3,0,9.644287,Warlock,1723,33,0.3622,3,/apps/dota2/images/heroes/warlock_full.png?,8,10,6,0,1,0.291976674039815,1,5
5024692999,2019-09-15,173872364,Harbinger,13.9,7,3,5,27607,215,246,13,545,623,1,992,0,0.8,0,0,8,0,48.37062,Kunkka,1723,33,0.484,2,/apps/dota2/images/heroes/kunkka_full.png?,84,20,0,0,0,0.9668208324954756,2,2
5024692999,2019-09-15,173742694,Ogreboy,7.7,1,4,6,7170,0,134,23,331,398,0,573,0,0.47,0,0,3,0,45.16455,Centaur Warrunner,1723,33,0.2681,3,/apps/dota2/images/heroes/centaur_full.png?,41,15,0,0,0,0.5982304443997587,1,3
